<?xml version="1.0" encoding="UTF-8"?>
<testsuite name="sanity"
           tests="6"
           failures="0"
           errors="0"
           skipped="0"
           time="286.861">
  <properties />
  
  
            <testcase name="verifyJobSearchResultUsingDifferentDataSet" time="48.878" classname="uk.co.library.testsuite.TestSuite" />
                <testcase name="verifyJobSearchResultUsingDifferentDataSet" time="47.485" classname="uk.co.library.testsuite.TestSuite" />
                <testcase name="verifyJobSearchResultUsingDifferentDataSet" time="47.782" classname="uk.co.library.testsuite.TestSuite" />
                <testcase name="verifyJobSearchResultUsingDifferentDataSet" time="48.361" classname="uk.co.library.testsuite.TestSuite" />
                <testcase name="verifyJobSearchResultUsingDifferentDataSet" time="47.335" classname="uk.co.library.testsuite.TestSuite" />
                <testcase name="verifyJobSearchResultUsingDifferentDataSet" time="47.020" classname="uk.co.library.testsuite.TestSuite" />
      
</testsuite>
